nohup: ignoring input
Sliding Window Attention is enabled but not implemented for `sdpa`; unexpected results may be encountered.
Loading checkpoint shards:   0%|          | 0/8 [00:00<?, ?it/s]Loading checkpoint shards:  12%|█▎        | 1/8 [00:01<00:11,  1.67s/it]Loading checkpoint shards:  25%|██▌       | 2/8 [00:03<00:10,  1.70s/it]Loading checkpoint shards:  38%|███▊      | 3/8 [00:05<00:08,  1.70s/it]Loading checkpoint shards:  50%|█████     | 4/8 [00:06<00:06,  1.75s/it]Loading checkpoint shards:  62%|██████▎   | 5/8 [00:08<00:04,  1.65s/it]Loading checkpoint shards:  75%|███████▌  | 6/8 [00:08<00:02,  1.18s/it]Loading checkpoint shards:  88%|████████▊ | 7/8 [00:08<00:00,  1.12it/s]Loading checkpoint shards: 100%|██████████| 8/8 [00:09<00:00,  1.13s/it]
Some parameters are on the meta device because they were offloaded to the cpu.
Device set to use cuda:0
You seem to be using the pipelines sequentially on GPU. In order to maximize efficiency please use a dataset
🔄 Generating Knowledge Questions for: person
Generated Knowledge ['The superclasses of person are [Agent, LivingThing].', 'Person has object properties such as [hasChild, worksAt, owns].', 'Person is composed of parts such as [head, body, limbs].', 'Person has data properties such as [name, age, gender].', 'Person can play roles such as [parent, employee, friend].']
✅ Saved: person
🔄 Generating Knowledge Questions for: bicycle
Generated Knowledge ['What are the essential components that define a bicycle?', 'How does a bicycle relate to its primary function of transportation?', 'What are the types of bicycles based on their intended use?', 'What are the structural parts that make up a bicycle frame?', 'How is a bicycle typically powered?', 'What are the common materials used in constructing a bicycle?', 'What are the different types of wheels associated with a bicycle?', 'What are the safety features commonly included in a bicycle?', 'How does a bicycle interact with its environment during operation?', 'What are the object properties that describe the relationship between a bicycle and its rider?']
✅ Saved: bicycle
🔄 Generating Knowledge Questions for: car
Generated Knowledge ['What are the essential components that define a car?', 'How does a car interact with its environment during operation?', 'What are the primary functions performed by a car?', 'What types of fuels or energy sources are typically used by a car?', 'What are the key subsystems that contribute to the operation of a car?', "How does a car's design affect its performance and functionality?", 'What are the common parts that are shared among different types of cars?', "How does a car's structure support its movement and stability?", 'What are the different classes of cars based on their purpose or design?', 'How do cars relate to other transportation systems in an ontology?']
✅ Saved: car
🔄 Generating Knowledge Questions for: motorcycle
Generated Knowledge ['List the superclasses of motorcycle.', 'List the object properties where motorcycle appears as a subject.', 'List the part-of relationships defined for motorcycle.', 'List the data properties that describe motorcycle.', 'List the subclasses of motorcycle.', 'List the relationships motorcycle has with other classes.']
✅ Saved: motorcycle
🔄 Generating Knowledge Questions for: airplane
Generated Knowledge ['What are the superclasses of airplane?', 'What are the object properties where airplane appears as a subject?', 'What are the part-of relationships defined for airplane?', 'What are the data properties that describe airplane?', 'What are the sub-classes of airplane?', 'What are the related classes to airplane in the ontology?', 'What are the functions of airplane?', 'What are the design aspects of airplane?', 'What are the safety features of airplane?', 'What are the operational aspects of airplane?']
✅ Saved: airplane
🔄 Generating Knowledge Questions for: bus
Generated Knowledge ['The superclasses of bus are [Vehicle, TransportationDevice].', 'Bus has object properties such as [hasRoute, carriesPassengers, operatedBy].', 'Bus is composed of parts such as [engine, wheels, seats, doors].', 'Bus has data properties such as [capacity, color, manufacturer, year].']
✅ Saved: bus
🔄 Generating Knowledge Questions for: train
Generated Knowledge ['The superclasses of train are [Vehicle, Locomotive].', 'The object properties associated with train include [hasDriver, carriesPassengers, hasRoute].', 'The part-of relationships for train involve [locomotive, passengerCar, cargoCar].', 'The data properties describing train include [speed, length, weight].', 'Entities related to train via object properties are [driver, passengers, route].', 'The primary functions of train are [transporting passengers, carrying cargo, providing scheduled service].']
✅ Saved: train
🔄 Generating Knowledge Questions for: truck
Generated Knowledge ['The superclasses of truck are [Vehicle, Machinery].', 'Truck has object properties such as [carriesLoad, transports, isOperatedBy].', 'Truck is composed of parts such as [engine, wheels, chassis].', 'Truck has data properties such as [loadCapacity, fuelType, weight].']
✅ Saved: truck
🔄 Generating Knowledge Questions for: boat
Generated Knowledge ['The superclasses of Boat are [Vessel, Watercraft].', 'The key functional components of a Boat include [engine, hull, mast, sails, navigation systems].', 'Boat has object properties such as [hasPropulsion, hasNavigation, hasAnchoring].', 'The primary materials used in constructing a Boat are [steel, fiberglass, aluminum, wood].', 'Boat is composed of parts such as [hull, mast, sails, engine, rudder].', 'The different types of propulsion systems used in Boats are [sail, motor, oar, paddle].', 'Boat has data properties such as [length, width, draft, speed].', 'The common uses or purposes of a Boat are [transportation, recreation, fishing, military].', 'The environmental factors that influence the operation of a Boat are [weather conditions, water currents, tides].', 'The safety features typically included in a Boat are [life jackets, fire extinguishers, emergency locator beacon].']
✅ Saved: boat
🔄 Generating Knowledge Questions for: traffic light
Generated Knowledge ['List the superclasses of traffic light.', 'List the object properties where traffic light appears as a subject.', 'List the part-of relationships defined for traffic light.', 'List the data properties that describe traffic light.', 'List the types of traffic light.', 'List the relationships traffic light has with other entities.', 'List the functions served by traffic light.']
✅ Saved: traffic light
🔄 Generating Knowledge Questions for: fire hydrant
Generated Knowledge ['The superclasses of fire hydrant are [Public Safety Equipment, Outdoor Fixture].', 'Fire hydrant has object properties such as [isInstalledIn, isMaintainedBy, isAccessibleFrom].', 'Fire hydrant is composed of parts such as [valve, nozzle, standpipe].', 'Fire hydrant has data properties such as [location, installationDate, pressureRating].']
✅ Saved: fire hydrant
🔄 Generating Knowledge Questions for: stop sign
Generated Knowledge ['A stop sign is defined by its [octagonal shape, red color, and white text].', 'A stop sign functions by [requiring drivers to come to a complete stop before proceeding].', 'Typical dimensions of a stop sign include [30 inches in diameter], and it is usually made of [aluminum with a retro-reflective coating].', "The standard colors and symbols of a stop sign are [red background with white letters spelling 'STOP'].", 'Stop signs are typically installed at [intersections, crossroads, and locations with high pedestrian traffic].', 'Regulatory guidelines for stop sign placement include [visibility requirements, distance from the intersection, and placement above traffic lanes].', 'Ignoring a stop sign can lead to [accidents, traffic violations, and potential legal consequences].', 'A stop sign is related to other traffic control devices such as [yield signs, traffic lights, and crosswalk signals].', 'A stop sign differs from other traffic signs by its [distinctive octagonal shape and bright red color].', 'The data properties describing a stop sign include [shape, color, size, and placement requirements].']
✅ Saved: stop sign
🔄 Generating Knowledge Questions for: parking meter
Generated Knowledge ['The superclasses of parking meter are [Public Facility, Urban Infrastructure].', 'parking meter has object properties such as [isLocatedIn, isManagedBy, acceptsPayment].', 'parking meter is composed of parts such as [display, payment slot, timer mechanism].', 'parking meter has data properties such as [locationCoordinates, expirationTime, paymentAmount].']
✅ Saved: parking meter
🔄 Generating Knowledge Questions for: bench
Generated Knowledge ['Bench is part of [furniture].', 'Bench is typically constructed using materials such as [wood, metal, concrete].', 'The superclasses of bench are [furniture, object].', 'Bench has object properties such as [locatedIn, madeOf, usedBy].', 'Bench has data properties such as [length, width, weight, color].', 'Bench is typically found in locations such as [park, garden, waiting area].', 'Bench is used for purposes such as [seating, resting, decoration].', 'Bench is related to other furniture types such as [chair, table, seating].']
✅ Saved: bench
🔄 Generating Knowledge Questions for: bird
Generated Knowledge ['The superclasses of bird are [Organism, Vertebrate, Aves].', 'Bird has object properties such as [livesIn, nestsIn, preysOn].', 'Bird is composed of parts such as [feathers, wings, beak].', 'Bird has data properties such as [species, wingspan, flightSpeed].']
✅ Saved: bird
🔄 Generating Knowledge Questions for: cat
Generated Knowledge ['What are the primary characteristics that distinguish a cat from other Felidae species?', 'How is the domestic cat related to wildcat species in terms of taxonomy?', "What are the essential parts of a cat's anatomy that contribute to its hunting behavior?", 'What are the typical behaviors exhibited by cats that are essential for their survival?', 'What are the common diseases that specifically affect domestic cats?', 'How do cats interact with their environment in terms of habitat preferences?', 'What are the typical life stages of a domestic cat from kitten to senior?', 'What are the common breeds of domestic cats recognized by cat registries?', 'What are the typical vocalizations made by cats and their purposes?', 'What are the nutritional requirements specific to cats that differ from other mammals?']
✅ Saved: cat
🔄 Generating Knowledge Questions for: dog
Generated Knowledge ['The immediate superclasses of Dog are [Canine, Mammal].', 'Dog has object properties such as [hasOwner, barksAt, guards].', 'The subclasses of Dog include [Labrador, German Shepherd, Poodle].', 'Dog is composed of parts such as [tail, paws, ears].', 'Dog has data properties such as [breed, age, weight].', 'The functional roles associated with Dog include [guarding, herding, companionship].']
✅ Saved: dog
🔄 Generating Knowledge Questions for: horse
Generated Knowledge ['The superclasses of horse are [Animal, Mammal].', 'Horse has object properties such as [hasOwner, gallops, grazes].', 'Horse is composed of parts such as [mane, tail, hooves].', 'Horse has data properties such as [coatColor, age, height].']
✅ Saved: horse
🔄 Generating Knowledge Questions for: sheep
Generated Knowledge ['The primary subclasses of sheep in biological taxonomy are [Ovis aries, domestic sheep, wild sheep].', 'Sheep have object properties such as [grazesOn, matesWith, isHerdedBy].', 'Sheep is composed of parts such as [wool, legs, horns].', 'Sheep has data properties such as [coatColor, fleeceWeight, age].']
✅ Saved: sheep
🔄 Generating Knowledge Questions for: cow
Generated Knowledge ['The superclasses of Cow are [Animal, Mammal].', 'Cow has object properties such as [hasOwner, grazesOn, producesMilk].', 'Cow is composed of parts such as [horns, tail, udder].', 'Cow has data properties such as [weight, age, milkYield].']
✅ Saved: cow
🔄 Generating Knowledge Questions for: elephant
Generated Knowledge ['What are the immediate superclasses of elephant?', 'What are the specific types of elephants classified under the broader category of elephant?', 'What are the key physical characteristics used to define an elephant?', 'What are the ecological roles that elephants play in their habitats?', 'What are the primary behaviors exhibited by elephants in their natural environment?', 'What are the specific types of habitats where elephants are typically found?', 'What are the main threats to the survival of elephants in their natural environment?', 'What are the primary methods of communication used by elephants?', 'What are the specific types of social structures observed in elephant populations?', 'What are the main types of food sources that elephants consume in their natural habitat?']
✅ Saved: elephant
🔄 Generating Knowledge Questions for: bear
Generated Knowledge ['What are the key characteristics that distinguish a bear from other mammals?', 'Which specific types of bears are recognized in the ontology?', 'What are the primary habitats where bears are typically found?', 'What are the common behaviors or activities associated with bears?', 'What are the typical dietary preferences of bears?', 'What are the main threats to the survival of bear species?', 'What are the typical life cycle stages of a bear?', 'What are the primary predators of bears in their natural habitats?', 'What are the typical social structures or behaviors observed in bear populations?', 'What are the main conservation efforts aimed at protecting bears?']
✅ Saved: bear
🔄 Generating Knowledge Questions for: zebra
Generated Knowledge ['The superclasses of zebra are [Mammal, Herbivore, Equine].', 'Zebras are distinguished by [black and white striped coats, unique stripe patterns, and robust build].', 'Zebras are typically grouped in [herds, harems, and bachelor groups].', 'Zebras are commonly found in [grasslands, savannahs, and open woodlands].', 'Key behaviors exhibited by zebras include [group living, grazing, and sentinel behavior].']
✅ Saved: zebra
🔄 Generating Knowledge Questions for: giraffe
Generated Knowledge ['The superclasses of giraffe are [Animal, Mammal, Ruminant].', 'Giraffe has object properties such as [hasHabitat, eats, livesIn].', 'Giraffe is composed of parts such as [neck, legs, tail, spots].', 'Giraffe has data properties such as [height, weight, lifespan, diet].']
✅ Saved: giraffe
🔄 Generating Knowledge Questions for: backpack
Generated Knowledge ['What are the essential components that define a backpack?', 'How does a backpack differ functionally from a briefcase?', 'What are the typical materials used in constructing a backpack?', 'Can a backpack be a part of another object, and if so, what are those objects?', 'What are the common activities or contexts where a backpack is used?', 'Are there any specific design patterns or styles commonly associated with backpacks?', 'How does the size and capacity of a backpack influence its classification?', 'What are the primary purposes or functions of a backpack?', 'Are there any standard features that most backpacks share?', 'How are backpacks typically categorized in terms of usage (e.g., school, travel)?']
✅ Saved: backpack
🔄 Generating Knowledge Questions for: umbrella
Generated Knowledge ['The superclasses of umbrella are [Object, Tool].', 'Umbrella is composed of parts such as [handle, canopy, ribs].', 'Umbrella has object properties such as [isUsedFor, protectsFrom, isCarriedBy].', 'Umbrella has data properties such as [color, size, materialType].', 'The related classes describing materials used in umbrella are [Plastic, Metal, Fabric].']
✅ Saved: umbrella
🔄 Generating Knowledge Questions for: handbag
Generated Knowledge ['The superclasses of handbag are [Bag, Accessory].', 'The subclasses of handbag include [Clutch, Tote, Shoulder Bag].', 'A handbag consists of parts such as [Strap, Compartment, Closure].', 'Handbag has object properties such as [hasBrand, isCarriedBy, contains].', 'Handbag has data properties such as [color, size, material].', 'Handbag is part of [Fashion Accessories, Personal Items].', 'Materials typically used in handbag composition are [Leather, Fabric, Plastic].', 'Functional relationships of handbag include [carrying items, providing storage, enhancing style].']
✅ Saved: handbag
🔄 Generating Knowledge Questions for: tie
Generated Knowledge ['The different types of ties include [bow tie, necktie, cravat, ascot].', 'Common materials for ties are [silk, polyester, wool, cotton].', 'A tie is typically worn [around the neck, under a shirt collar, and tied in a knot].', 'The components of a tie usually include [the blade, the tie band, the slip stitch, and the interlining].', 'Common colors for ties are [solid colors like navy, red, blue, and patterns like stripes, checks, or geometric designs].', 'Standard sizes for ties are [length around 57-63 cm and width around 8-10 cm].', 'Different styles or patterns on ties include [solid, striped, checked, polka dot, and floral].', 'Ties are commonly worn on [formal occasions, business meetings, weddings, and other events requiring attire].', 'Accessories often paired with ties are [shirts, jackets, cufflinks, watches, and belts].', 'Common manufacturing processes for ties include [cutting fabric, assembling components, stitching, and adding finishing touches like labels].']
✅ Saved: tie
🔄 Generating Knowledge Questions for: suitcase
Generated Knowledge ['What are the primary materials used in the construction of a suitcase?', 'What are the different types of compartments typically found in a suitcase?', 'What object properties relate a suitcase to its contents?', 'What data properties describe the dimensions of a suitcase?', 'What are the common features that distinguish a suitcase from a briefcase?', 'What are the part-of relationships that define the structure of a suitcase?', 'What superclasses does the suitcase belong to in an ontology?', 'What are the typical use cases or functions of a suitcase?', 'What data properties are used to specify the weight capacity of a suitcase?', 'What are the object properties that connect a suitcase to its manufacturer?']
✅ Saved: suitcase
🔄 Generating Knowledge Questions for: frisbee
Generated Knowledge ['The superclasses of Dog are [Animal, Mammal].', 'Dog has object properties such as [hasOwner, barksAt, fetches].', 'Dog is composed of parts such as [paws, tail, fur].', 'Dog has data properties such as [age, weight, breed].']
✅ Saved: frisbee
🔄 Generating Knowledge Questions for: skis
Generated Knowledge ['Skis are primarily constructed using materials such as [wood, metal, fiberglass, carbon fiber].', 'The main components of skis include [base, core, top sheet, edges, bindings].', 'Common bindings used with skis are [alpine bindings, telemark bindings, touring bindings].', 'Skis are categorized into types such as [alpine skis, cross-country skis, telemark skis, snowboard skis].', 'Standard dimensions for skis include [length, width, sidecut radius, camber].', 'Common maintenance procedures for skis involve [waxing, edge sharpening, base repair, cleaning].', 'Typical accessories for skis include [poles, boots, ski grips, ski bags].', 'The environmental impacts of manufacturing skis include [resource extraction, energy consumption, waste generation].', 'Performance metrics for evaluating skis include [speed, stability, maneuverability, durability].', 'Common injuries associated with skiing, such as [ankle sprains, knee injuries, head injuries], can be influenced by ski design and usage.']
✅ Saved: skis
🔄 Generating Knowledge Questions for: snowboard
Generated Knowledge ['The superclasses of snowboard are [Board, SportsEquipment].', 'Snowboard has object properties such as [hasRider, hasBindings, hasSnowboardLength].', 'Snowboard is composed of parts such as [base, edges, topsheet].', 'Snowboard has data properties such as [length, width, flex].']
✅ Saved: snowboard
🔄 Generating Knowledge Questions for: sports ball
Generated Knowledge ['The primary materials used to construct a sports ball include [rubber, synthetic leather, plastic, bladder].', 'The design of a sports ball influences its aerodynamic performance by affecting [air resistance, spin, trajectory].', 'Different types of sports balls used in various sports include [soccer ball, basketball, tennis ball, volleyball].', 'Object properties associated with a sports ball in an ontology include [isUsedIn, hasMaterial, hasDesign].', 'Data properties that describe the characteristics of a sports ball include [size, weight, diameter, pressure].', 'The part-of relationships that define the components of a sports ball include [outer cover, bladder, stitching].', 'The superclasses of the sports ball class are [equipment, object].', 'Functional relationships involving a sports ball in sports activities include [being kicked, being thrown, being hit].']
✅ Saved: sports ball
🔄 Generating Knowledge Questions for: kite
Generated Knowledge ['What are the specific materials commonly used in the construction of a kite?', 'How is a kite typically used in different cultural or recreational contexts?', 'What are the primary components or parts that make up a kite?', 'What are the object properties where kite appears as a subject in ontological relationships?', 'What are the superclasses that the class "kite" belongs to in the ontology hierarchy?', 'What are the part-of relationships defined for the class "kite" in the ontology?', 'What are the data properties that describe the characteristics of a kite, such as size or shape?', 'What are the relationships or interactions that a kite has with other classes, such as "string" or "wind"?']
✅ Saved: kite
🔄 Generating Knowledge Questions for: baseball bat
Generated Knowledge ['What are the physical dimensions typically associated with a baseball bat?', 'What materials are commonly used in the construction of a baseball bat?', 'What are the key components that make up a baseball bat?', 'What are the functional properties that define a baseball bat?', 'What are the constraints on the weight and length of a baseball bat in official games?', 'What are the relationships between a baseball bat and other sports equipment?', 'What are the different types or subclasses of baseball bats?', 'What are the roles a baseball bat plays in the context of a baseball game?', 'What are the data properties that quantify the performance of a baseball bat?', 'What are the part-whole relationships involving a baseball bat?']
✅ Saved: baseball bat
🔄 Generating Knowledge Questions for: baseball glove
Generated Knowledge ['The superclasses of baseball glove are [Glove, Protective Equipment].', 'Baseball glove has object properties such as [isUsedIn, protectsHand].', 'Baseball glove is composed of parts such as [leather, webbing, padding].', 'Baseball glove has data properties such as [size, material, color].']
✅ Saved: baseball glove
🔄 Generating Knowledge Questions for: skateboard
Generated Knowledge ['The primary materials used in constructing a skateboard are [wood, metal, plastic].', 'A skateboard is typically assembled by [attaching the trucks to the deck, placing the wheels on the trucks, and securing the components with bolts].', 'The main functional parts of a skateboard are [deck, trucks, wheels, bearings].', 'The activities or sports that commonly involve the use of a skateboard are [skateboarding, vert skating, street skating].', 'A skateboard differs from other types of wheeled vehicles by [lacking a motor, having no seat, being designed for manual propulsion].', 'The typical dimensions of a skateboard deck are [28 to 32 inches in length and 7 to 10 inches in width].', 'The common types of skateboard wheels are [cruiser wheels, street wheels, downhill wheels].', 'The design of a skateboard affects its performance by [influencing stability, speed, and maneuverability].', 'The common modifications or customizations made to skateboards are [changing the grip tape, replacing the trucks, adding risers].', 'The safety considerations when using a skateboard include [wearing protective gear, checking the board for damage, maintaining control at all times].']
✅ Saved: skateboard
🔄 Generating Knowledge Questions for: surfboard
Generated Knowledge ['A surfboard is composed of parts such as [board, fins, leash, rails].', 'Surfboards are constructed using materials such as [fiberglass, foam, epoxy resin, carbon fiber].', 'A surfboard is designed for activities such as [surfing, wave riding, tow-in surfing].', "A surfboard's performance is defined by measurable properties such as [length, width, thickness, volume].", 'The creation of a surfboard involves processes such as [shaping, glassing, sanding, finishing, adding hardware].']
✅ Saved: surfboard
🔄 Generating Knowledge Questions for: tennis racket
Generated Knowledge ['What are the primary materials used in the construction of a tennis racket?', 'What are the different types of tennis rackets based on their frame design?', 'What are the key components that make up a tennis racket?', 'What are the object properties associated with a tennis racket in terms of its usage?', 'What are the part-of relationships defined for a tennis racket?']
✅ Saved: tennis racket
🔄 Generating Knowledge Questions for: bottle
Generated Knowledge ['The superclasses of bottle are [Container, Vessel].', 'Bottle has object properties such as [contains, madeOf, usedFor].', 'Bottle is composed of parts such as [neck, body, base].', 'Bottle has data properties such as [material, capacity, shape].']
✅ Saved: bottle
🔄 Generating Knowledge Questions for: wine glass
Generated Knowledge ['A wine glass is commonly constructed using materials such as [glass, crystal, or borosilicate glass].', 'The typical components of a wine glass include [stem, bowl, and base].', 'The shape of a wine glass influences its function by affecting [the aroma, taste, and mouthfeel of the wine].', 'The different types of wine glasses include [red wine, white wine, champagne, and dessert wine glasses].', 'Object properties associated with a wine glass might include [holds, usedFor, pairedWith].', 'Data properties describing a wine glass could include [capacity, material, shape, and height].', 'The superclasses of a wine glass within an ontology are [vessel, container, and drinking utensil].', 'A wine glass has relationships with entities such as [wine, drinking occasions, and users].']
✅ Saved: wine glass
🔄 Generating Knowledge Questions for: cup
Generated Knowledge ['The superclasses of cup are [Container, Man-made object].', 'The subclasses of cup are [Coffee cup, Tea cup, Mug, Ceremonial cup].', 'Cup has object properties such as [contains, hasOwner, isUsedBy, isPartOfCollection].', 'Cup is composed of parts such as [handle, base, body, lid].', 'Cup has data properties such as [material, capacity, color, design].']
✅ Saved: cup
🔄 Generating Knowledge Questions for: fork
Generated Knowledge ['What is the primary function of a fork?', 'What are the essential components of a fork?', 'How is a fork typically used in different cultural contexts?', 'What materials are commonly used to make a fork?', 'What are the common types of forks based on their usage?', 'How does a fork relate to other dining utensils in a set?', 'What are the different sizes of forks available?', 'How is a fork different from a spoon or a knife?', 'What is the purpose of the prongs on a fork?', "What is the typical shape of a fork's handle?"]
✅ Saved: fork
🔄 Generating Knowledge Questions for: knife
Generated Knowledge ['The superclasses of knife are [Tool, Utensil].', 'Knife has object properties such as [hasBlade, hasHandle, isUsedForCutting].', 'Knife is composed of parts such as [blade, handle, guard].', 'Knife has data properties such as [length, material, sharpness].']
✅ Saved: knife
🔄 Generating Knowledge Questions for: spoon
Generated Knowledge ['The superclasses of Spoon are [Utensil, Object].', 'Spoon is typically used for [eating, serving food].', 'Spoon has data properties such as [material (metal, plastic, wood), shape (bowl, handle)].', 'Spoon is composed of parts such as [bowl, handle, spoon rest].', 'Spoon is commonly used in contexts such as [dining, cooking, decoration].']
✅ Saved: spoon
🔄 Generating Knowledge Questions for: bowl
Generated Knowledge ['What are the primary superclasses of a bowl?', 'What object properties are associated with a bowl in an ontological model?', 'Can a bowl be part of a larger system or structure, and if so, what are those relationships?', 'What data properties are essential for defining a bowl?', 'How is a bowl functionally related to other kitchen utensils?', 'What are the key subclasses of a bowl within an ontology?', 'What materials are commonly associated with the composition of a bowl?', 'In what contexts or activities is a bowl typically used?']
✅ Saved: bowl
🔄 Generating Knowledge Questions for: banana
Generated Knowledge ['The different types of bananas include [ Cavendish, Plantain, Red Banana ].', 'A banana is typically consumed [ raw, as a snack, in smoothies, or in baked goods ].', 'The relationship between a banana and its peel is [ the peel protects the edible interior and is discarded before consumption ].', 'The stages in the lifecycle of a banana are [ flowering, fruit development, ripening, and harvesting ].', 'Common culinary uses of a banana include [ baking, blending into smoothies, adding to cereals, and making desserts ].', 'A banana is defined as a fruit by [ its sweet taste, soft texture, and presence of seeds ].', 'The parts of a banana cluster are [ individual bananas, the rachis, and the bracts ].', 'A banana is related to the plant it grows on as [ it is the fruit of the banana plant, which is a type of herbaceous plant ].', 'Different varieties of bananas include [ Cavendish, Plantain, Red Banana, and Goldfinger ].', 'The typical lifecycle stages of a banana are [ flowering, fruit development, ripening, and harvesting ].']
✅ Saved: banana
🔄 Generating Knowledge Questions for: apple
Generated Knowledge ['The superclasses of apple are [Fruit, Plant].', 'Apple has object properties such as [hasVariety, growsOn, usedIn].', 'Apple is composed of parts such as [core, skin, seeds].', 'Apple has data properties such as [color, size, sweetnessLevel].']
✅ Saved: apple
🔄 Generating Knowledge Questions for: sandwich
Generated Knowledge ['The superclasses of sandwich are [Food, Meal].', 'Sandwich has object properties such as [contains, isMadeOf, isServedWith].', 'Sandwich is composed of parts such as [bread, filling, condiments].', 'Sandwich has data properties such as [type, size, calorieContent].']
✅ Saved: sandwich
🔄 Generating Knowledge Questions for: orange
Generated Knowledge ['The taxonomic classifications of orange are [Citrus, Rutaceae, Sapindales, Magnoliopsida, Angiospermae, Plantae].', 'An orange is defined as a fruit with [sweet, juicy flesh, thick rind, and numerous seeds].', 'The typical growth stages of an orange are [seedling, sapling, flowering, fruit development, and ripening].', 'Common culinary uses of orange include [juicing, zest in desserts, marmalade, and flavoring dishes].', 'Nutritional properties of an orange include [high vitamin C, dietary fiber, and antioxidants].', 'Orange is related to other citrus fruits such as [lemon, lime, grapefruit, and tangerine].', 'Environmental factors affecting orange growth are [temperature, humidity, soil pH, and sunlight].', 'Different varieties of orange include [Valencia, Navel, Blood, and Mandarin].', 'Health benefits of consuming oranges are [boosting immunity, aiding digestion, and improving skin health].', 'The parts of an orange are [peel, pith, pulp, juice, and seeds].']
✅ Saved: orange
🔄 Generating Knowledge Questions for: broccoli
Generated Knowledge ['The superclass of broccoli is [Vegetable].', 'The subclasses of broccoli include [Calabrese, Romanesco].', 'The parts of broccoli are [florets, stems, leaves].', 'The typical use case of broccoli is [cooking, both raw and cooked].', 'Broccoli belongs to the category of [cruciferous vegetables] in culinary contexts.', 'The nutritional properties of broccoli include [fiber, vitamins C and K, potassium].', 'The growth requirements for broccoli are [temperate climate, well-drained soil, moderate sunlight].']
✅ Saved: broccoli
🔄 Generating Knowledge Questions for: carrot
Generated Knowledge ['What are the taxonomic classifications of carrot?', 'What are the primary nutrients found in carrot?', 'What are the common uses of carrot in cooking?', 'What are the physical characteristics that define a carrot?', 'What are the typical growing conditions for carrots?', 'What are the relationships between carrot and other root vegetables?', 'What are the parts of a carrot plant?', 'What are the different varieties of carrot?', 'What are the common pests that affect carrots?', 'What are the health benefits associated with consuming carrots?']
✅ Saved: carrot
🔄 Generating Knowledge Questions for: hot dog
Generated Knowledge ['What are the primary ingredients typically found in a hot dog?', 'How is a hot dog commonly prepared and served?', 'What are the different types or variations of hot dogs across various cuisines?', 'What are the common accompaniments or condiments served with a hot dog?', 'What are the nutritional components typically associated with a hot dog?']
✅ Saved: hot dog
🔄 Generating Knowledge Questions for: pizza
Generated Knowledge ['What are the primary categories of pizza?', 'What are the key components of pizza dough?', 'What are the popular toppings that can be added to pizza?', 'What are the distinct pizza dough recipes?', 'What are the alternative terms or names for pizza?', 'What are the various ways to cook pizza?', 'What are the similar dishes or variations related to pizza?', 'What are the typical serving recommendations for pizza?', 'What are the nutritional elements found in pizza?', 'What are the essential steps in making pizza?']
✅ Saved: pizza
🔄 Generating Knowledge Questions for: donut
Generated Knowledge ['What are the superclasses of donut?', 'What are the object properties where donut appears as a subject?', 'What are the part-whole relationships defined for donut?', 'What are the data properties that describe donut?', 'What are the subclasses of donut?', 'What are the attributes of donut?', 'What are the relationships that donut has with other classes?']
✅ Saved: donut
🔄 Generating Knowledge Questions for: cake
Generated Knowledge ['The main components that make up a cake are [flour, sugar, eggs, butter, baking powder, milk].', 'Subclasses of cake specific to certain cuisines include [cheesecake, red velvet cake, sponge cake].', 'Object properties that define the relationship between a cake and its ingredients are [hasIngredient, madeFrom, composedOf].', 'Data properties that specify the texture of a cake include [moistness, fluffiness, crumbStructure].', 'Different types of cakes are related through subclasses such as [chocolate cake, fruit cake, layer cake].', 'Part-whole relationships associated with a cake include [cakeLayer, frosting, filling].', 'Data properties that describe the flavor of a cake are [sweetness, vanillaFlavor, chocolateFlavor].', 'The superclasses that categorize a cake within the food domain are [Dessert, BakedGood].', 'Object properties that link a cake to its method of preparation are [preparedUsing, bakedIn, decoratedWith].', 'Data properties that indicate the intended use of a cake include [weddingCake, birthdayCake, teaCake].']
✅ Saved: cake
🔄 Generating Knowledge Questions for: chair
Generated Knowledge ['The superclasses of chair are [Furniture, Seating].', 'Chair has object properties such as [supports, isPartOf, hasMaterial].', 'Chair is composed of parts such as [legs, seat, backrest].', 'Chair has data properties such as [color, height, weight].']
✅ Saved: chair
🔄 Generating Knowledge Questions for: couch
Generated Knowledge ['What materials are commonly used in the construction of a couch?', 'What are the primary functions of a couch in a living space?', 'What are the part-of relationships associated with a couch?', 'What are the different types of couches (subclasses)?', 'What object properties define the relationship between a couch and other furniture items?', 'What data properties are typically used to describe a couch?']
✅ Saved: couch
🔄 Generating Knowledge Questions for: potted plant
Generated Knowledge ['A potted plant consists of essential components such as [soil, plant, pot].', 'The primary function of a potted plant is [to provide aesthetic value and improve indoor air quality].', 'Common materials for constructing the pot of a potted plant include [ceramic, plastic, terracotta].', 'Typical containers for a potted plant are [flower pots, hanging baskets, planters].', 'The life cycle stages of a potted plant include [germination, growth, flowering, senescence].']
✅ Saved: potted plant
🔄 Generating Knowledge Questions for: bed
Generated Knowledge ['The different types of beds based on their structure include [mattress, frame, headboard, footboard].', 'Commonly used materials for constructing beds are [wood, metal, plastic, fabric].', 'The standard dimensions of a bed vary, but common sizes are [twin, full, queen, king].', "Essential components for a bed's functionality are [mattress support, frame stability, sleeping surface].", 'A bed is related to other furniture items in a bedroom such as [nightstands, dressers, mirrors, wardrobes].', 'Common uses of a bed in different cultural contexts include [sleeping, resting, sitting, lounging].', 'Possible configurations of bed frames include [platform, canopy, four-poster, low-profile].', 'Typical accessories associated with beds are [sheets, pillows, blankets, bedspreads].', 'Beds differ in intended use, such as [sleeping, reading, resting, lounging].', 'Safety standards applicable to bed designs include [structural integrity, fire resistance, material safety].']
✅ Saved: bed
🔄 Generating Knowledge Questions for: dining table
Generated Knowledge ['The primary materials used in constructing a dining table are [wood, metal, glass, stone, plastic].', 'A dining table differs from other tables by being specifically designed for [serving meals, seating multiple people, providing a communal eating space].', 'Common dimensions of a standard dining table are [72 inches length, 36 inches width, 28-30 inches height].', 'The typical components of a dining table include [tabletop, legs, sometimes a center support, and possibly leaves or extensions].', 'Various styles of dining tables include [rectangular, round, oval, square, extendable, drop-leaf, and pub-style].']
✅ Saved: dining table
